<?xml version="1.0" encoding="UTF-8"?>
<coverage generated="1749258395571" clover="3.2.0">
  <project timestamp="1749258395571" name="All files">
    <metrics statements="103" coveredstatements="91" conditionals="20" coveredconditionals="18" methods="44" coveredmethods="42" elements="167" coveredelements="151" complexity="0" loc="103" ncloc="103" packages="9" files="18" classes="18"/>
    <package name="src">
      <metrics statements="5" coveredstatements="0" conditionals="0" coveredconditionals="0" methods="1" coveredmethods="0"/>
      <file name="App.js" path="C:\Users\micha\Desktop\rdstation\monorepo\frontend\src\App.js">
        <metrics statements="2" coveredstatements="0" conditionals="0" coveredconditionals="0" methods="1" coveredmethods="0"/>
        <line num="6" count="0" type="stmt"/>
        <line num="8" count="0" type="stmt"/>
      </file>
      <file name="index.js" path="C:\Users\micha\Desktop\rdstation\monorepo\frontend\src\index.js">
        <metrics statements="3" coveredstatements="0" conditionals="0" coveredconditionals="0" methods="0" coveredmethods="0"/>
        <line num="8" count="0" type="stmt"/>
        <line num="9" count="0" type="stmt"/>
        <line num="15" count="0" type="stmt"/>
      </file>
    </package>
    <package name="src.components.Form">
      <metrics statements="14" coveredstatements="14" conditionals="5" coveredconditionals="5" methods="5" coveredmethods="5"/>
      <file name="Form.js" path="C:\Users\micha\Desktop\rdstation\monorepo\frontend\src\components\Form\Form.js">
        <metrics statements="14" coveredstatements="14" conditionals="5" coveredconditionals="5" methods="5" coveredmethods="5"/>
        <line num="8" count="4" type="stmt"/>
        <line num="9" count="4" type="stmt"/>
        <line num="15" count="4" type="stmt"/>
        <line num="17" count="4" type="stmt"/>
        <line num="18" count="5" type="stmt"/>
        <line num="20" count="5" type="cond" truecount="2" falsecount="0"/>
        <line num="25" count="4" type="stmt"/>
        <line num="26" count="4" type="stmt"/>
        <line num="29" count="1" type="stmt"/>
        <line num="31" count="1" type="stmt"/>
        <line num="34" count="4" type="stmt"/>
        <line num="43" count="1" type="stmt"/>
        <line num="49" count="1" type="stmt"/>
        <line num="54" count="1" type="stmt"/>
      </file>
      <file name="index.js" path="C:\Users\micha\Desktop\rdstation\monorepo\frontend\src\components\Form\index.js">
        <metrics statements="0" coveredstatements="0" conditionals="0" coveredconditionals="0" methods="0" coveredmethods="0"/>
      </file>
    </package>
    <package name="src.components.Form.Fields">
      <metrics statements="21" coveredstatements="21" conditionals="6" coveredconditionals="6" methods="13" coveredmethods="13"/>
      <file name="Features.js" path="C:\Users\micha\Desktop\rdstation\monorepo\frontend\src\components\Form\Fields\Features.js">
        <metrics statements="9" coveredstatements="9" conditionals="3" coveredconditionals="3" methods="5" coveredmethods="5"/>
        <line num="5" count="5" type="stmt"/>
        <line num="7" count="5" type="stmt"/>
        <line num="8" count="2" type="cond" truecount="2" falsecount="0"/>
        <line num="9" count="1" type="stmt"/>
        <line num="12" count="2" type="stmt"/>
        <line num="13" count="2" type="stmt"/>
        <line num="16" count="5" type="stmt"/>
        <line num="21" count="15" type="stmt"/>
        <line num="25" count="2" type="stmt"/>
      </file>
      <file name="Preferences.js" path="C:\Users\micha\Desktop\rdstation\monorepo\frontend\src\components\Form\Fields\Preferences.js">
        <metrics statements="9" coveredstatements="9" conditionals="3" coveredconditionals="3" methods="5" coveredmethods="5"/>
        <line num="11" count="5" type="stmt"/>
        <line num="13" count="5" type="stmt"/>
        <line num="14" count="2" type="cond" truecount="2" falsecount="0"/>
        <line num="15" count="1" type="stmt"/>
        <line num="18" count="2" type="stmt"/>
        <line num="19" count="2" type="stmt"/>
        <line num="22" count="5" type="stmt"/>
        <line num="27" count="15" type="stmt"/>
        <line num="31" count="2" type="stmt"/>
      </file>
      <file name="RecommendationType.js" path="C:\Users\micha\Desktop\rdstation\monorepo\frontend\src\components\Form\Fields\RecommendationType.js">
        <metrics statements="3" coveredstatements="3" conditionals="0" coveredconditionals="0" methods="3" coveredmethods="3"/>
        <line num="5" count="3" type="stmt"/>
        <line num="14" count="1" type="stmt"/>
        <line num="23" count="1" type="stmt"/>
      </file>
      <file name="index.js" path="C:\Users\micha\Desktop\rdstation\monorepo\frontend\src\components\Form\Fields\index.js">
        <metrics statements="0" coveredstatements="0" conditionals="0" coveredconditionals="0" methods="0" coveredmethods="0"/>
      </file>
    </package>
    <package name="src.components.Form.SubmitButton">
      <metrics statements="1" coveredstatements="1" conditionals="0" coveredconditionals="0" methods="1" coveredmethods="1"/>
      <file name="SubmitButton.js" path="C:\Users\micha\Desktop\rdstation\monorepo\frontend\src\components\Form\SubmitButton\SubmitButton.js">
        <metrics statements="1" coveredstatements="1" conditionals="0" coveredconditionals="0" methods="1" coveredmethods="1"/>
        <line num="4" count="1" type="stmt"/>
      </file>
      <file name="index.js" path="C:\Users\micha\Desktop\rdstation\monorepo\frontend\src\components\Form\SubmitButton\index.js">
        <metrics statements="0" coveredstatements="0" conditionals="0" coveredconditionals="0" methods="0" coveredmethods="0"/>
      </file>
    </package>
    <package name="src.components.RecommendationList">
      <metrics statements="2" coveredstatements="2" conditionals="2" coveredconditionals="2" methods="2" coveredmethods="2"/>
      <file name="RecommendationList.js" path="C:\Users\micha\Desktop\rdstation\monorepo\frontend\src\components\RecommendationList\RecommendationList.js">
        <metrics statements="2" coveredstatements="2" conditionals="2" coveredconditionals="2" methods="2" coveredmethods="2"/>
        <line num="4" count="3" type="stmt"/>
        <line num="12" count="3" type="stmt"/>
      </file>
    </package>
    <package name="src.components.shared">
      <metrics statements="1" coveredstatements="1" conditionals="0" coveredconditionals="0" methods="1" coveredmethods="1"/>
      <file name="Checkbox.js" path="C:\Users\micha\Desktop\rdstation\monorepo\frontend\src\components\shared\Checkbox.js">
        <metrics statements="1" coveredstatements="1" conditionals="0" coveredconditionals="0" methods="1" coveredmethods="1"/>
        <line num="4" count="36" type="stmt"/>
      </file>
    </package>
    <package name="src.hooks">
      <metrics statements="31" coveredstatements="31" conditionals="0" coveredconditionals="0" methods="10" coveredmethods="10"/>
      <file name="useForm.js" path="C:\Users\micha\Desktop\rdstation\monorepo\frontend\src\hooks\useForm.js">
        <metrics statements="5" coveredstatements="5" conditionals="0" coveredconditionals="0" methods="2" coveredmethods="2"/>
        <line num="3" count="2" type="stmt"/>
        <line num="4" count="3" type="stmt"/>
        <line num="6" count="3" type="stmt"/>
        <line num="7" count="1" type="stmt"/>
        <line num="10" count="3" type="stmt"/>
      </file>
      <file name="useProducts.js" path="C:\Users\micha\Desktop\rdstation\monorepo\frontend\src\hooks\useProducts.js">
        <metrics statements="23" coveredstatements="23" conditionals="0" coveredconditionals="0" methods="6" coveredmethods="6"/>
        <line num="4" count="2" type="stmt"/>
        <line num="5" count="3" type="stmt"/>
        <line num="6" count="3" type="stmt"/>
        <line num="7" count="3" type="stmt"/>
        <line num="9" count="3" type="stmt"/>
        <line num="10" count="2" type="stmt"/>
        <line num="11" count="2" type="stmt"/>
        <line num="12" count="2" type="stmt"/>
        <line num="13" count="1" type="stmt"/>
        <line num="14" count="1" type="stmt"/>
        <line num="16" count="1" type="stmt"/>
        <line num="18" count="1" type="stmt"/>
        <line num="19" count="2" type="stmt"/>
        <line num="20" count="3" type="stmt"/>
        <line num="22" count="2" type="stmt"/>
        <line num="24" count="2" type="stmt"/>
        <line num="25" count="4" type="stmt"/>
        <line num="27" count="2" type="stmt"/>
        <line num="30" count="1" type="stmt"/>
        <line num="31" count="1" type="stmt"/>
        <line num="33" count="1" type="stmt"/>
        <line num="37" count="2" type="stmt"/>
        <line num="40" count="3" type="stmt"/>
      </file>
      <file name="useRecommendations.js" path="C:\Users\micha\Desktop\rdstation\monorepo\frontend\src\hooks\useRecommendations.js">
        <metrics statements="3" coveredstatements="3" conditionals="0" coveredconditionals="0" methods="2" coveredmethods="2"/>
        <line num="4" count="1" type="stmt"/>
        <line num="5" count="1" type="stmt"/>
        <line num="8" count="1" type="stmt"/>
      </file>
    </package>
    <package name="src.mocks">
      <metrics statements="1" coveredstatements="1" conditionals="0" coveredconditionals="0" methods="0" coveredmethods="0"/>
      <file name="mockProducts.js" path="C:\Users\micha\Desktop\rdstation\monorepo\frontend\src\mocks\mockProducts.js">
        <metrics statements="1" coveredstatements="1" conditionals="0" coveredconditionals="0" methods="0" coveredmethods="0"/>
        <line num="1" count="1" type="stmt"/>
      </file>
    </package>
    <package name="src.services">
      <metrics statements="27" coveredstatements="20" conditionals="7" coveredconditionals="5" methods="11" coveredmethods="10"/>
      <file name="product.service.js" path="C:\Users\micha\Desktop\rdstation\monorepo\frontend\src\services\product.service.js">
        <metrics statements="7" coveredstatements="0" conditionals="0" coveredconditionals="0" methods="1" coveredmethods="0"/>
        <line num="3" count="0" type="stmt"/>
        <line num="5" count="0" type="stmt"/>
        <line num="6" count="0" type="stmt"/>
        <line num="7" count="0" type="stmt"/>
        <line num="8" count="0" type="stmt"/>
        <line num="10" count="0" type="stmt"/>
        <line num="11" count="0" type="stmt"/>
      </file>
      <file name="recommendation.service.js" path="C:\Users\micha\Desktop\rdstation\monorepo\frontend\src\services\recommendation.service.js">
        <metrics statements="20" coveredstatements="20" conditionals="7" coveredconditionals="5" methods="10" coveredmethods="10"/>
        <line num="1" count="3" type="stmt"/>
        <line num="6" count="4" type="stmt"/>
        <line num="8" count="4" type="stmt"/>
        <line num="9" count="16" type="stmt"/>
        <line num="10" count="48" type="stmt"/>
        <line num="13" count="16" type="stmt"/>
        <line num="14" count="48" type="stmt"/>
        <line num="17" count="16" type="stmt"/>
        <line num="19" count="16" type="stmt"/>
        <line num="22" count="4" type="cond" truecount="2" falsecount="0"/>
        <line num="23" count="12" type="stmt"/>
        <line num="24" count="3" type="cond" truecount="1" falsecount="1"/>
        <line num="26" count="5" type="stmt"/>
        <line num="28" count="5" type="stmt"/>
        <line num="30" count="3" type="stmt"/>
        <line num="31" count="5" type="cond" truecount="2" falsecount="0"/>
        <line num="34" count="3" type="stmt"/>
        <line num="37" count="1" type="stmt"/>
        <line num="38" count="4" type="stmt"/>
        <line num="39" count="1" type="stmt"/>
      </file>
    </package>
  </project>
</coverage>
