{"C:\\Users\\micha\\Desktop\\rdstation\\monorepo\\frontend\\src\\App.js": {"path":"C:\\Users\\micha\\Desktop\\rdstation\\monorepo\\frontend\\src\\App.js","statementMap":{"0":{"start":{"line":6,"column":49},"end":{"line":6,"column":61}},"1":{"start":{"line":8,"column":2},"end":{"line":25,"column":4}}},"fnMap":{"0":{"name":"App","decl":{"start":{"line":5,"column":9},"end":{"line":5,"column":12}},"loc":{"start":{"line":5,"column":15},"end":{"line":26,"column":1}},"line":5}},"branchMap":{},"s":{"0":0,"1":0},"f":{"0":0},"b":{}}
,"C:\\Users\\micha\\Desktop\\rdstation\\monorepo\\frontend\\src\\index.js": {"path":"C:\\Users\\micha\\Desktop\\rdstation\\monorepo\\frontend\\src\\index.js","statementMap":{"0":{"start":{"line":8,"column":13},"end":{"line":8,"column":65}},"1":{"start":{"line":9,"column":0},"end":{"line":13,"column":2}},"2":{"start":{"line":15,"column":0},"end":{"line":15,"column":18}}},"fnMap":{},"branchMap":{},"s":{"0":0,"1":0,"2":0},"f":{},"b":{}}
,"C:\\Users\\micha\\Desktop\\rdstation\\monorepo\\frontend\\src\\components\\Form\\Form.js": {"path":"C:\\Users\\micha\\Desktop\\rdstation\\monorepo\\frontend\\src\\components\\Form\\Form.js","statementMap":{"0":{"start":{"line":8,"column":46},"end":{"line":8,"column":59}},"1":{"start":{"line":9,"column":37},"end":{"line":13,"column":4}},"2":{"start":{"line":15,"column":33},"end":{"line":15,"column":61}},"3":{"start":{"line":17,"column":23},"end":{"line":32,"column":3}},"4":{"start":{"line":18,"column":4},"end":{"line":18,"column":23}},"5":{"start":{"line":20,"column":4},"end":{"line":27,"column":5}},"6":{"start":{"line":25,"column":6},"end":{"line":25,"column":64}},"7":{"start":{"line":26,"column":6},"end":{"line":26,"column":13}},"8":{"start":{"line":29,"column":32},"end":{"line":29,"column":60}},"9":{"start":{"line":31,"column":4},"end":{"line":31,"column":44}},"10":{"start":{"line":34,"column":2},"end":{"line":60,"column":4}},"11":{"start":{"line":43,"column":12},"end":{"line":43,"column":57}},"12":{"start":{"line":49,"column":12},"end":{"line":49,"column":54}},"13":{"start":{"line":54,"column":12},"end":{"line":54,"column":64}}},"fnMap":{"0":{"name":"Form","decl":{"start":{"line":7,"column":9},"end":{"line":7,"column":13}},"loc":{"start":{"line":7,"column":38},"end":{"line":61,"column":1}},"line":7},"1":{"name":"(anonymous_1)","decl":{"start":{"line":17,"column":23},"end":{"line":17,"column":24}},"loc":{"start":{"line":17,"column":30},"end":{"line":32,"column":3}},"line":17},"2":{"name":"(anonymous_2)","decl":{"start":{"line":42,"column":30},"end":{"line":42,"column":31}},"loc":{"start":{"line":43,"column":12},"end":{"line":43,"column":57}},"line":43},"3":{"name":"(anonymous_3)","decl":{"start":{"line":48,"column":27},"end":{"line":48,"column":28}},"loc":{"start":{"line":49,"column":12},"end":{"line":49,"column":54}},"line":49},"4":{"name":"(anonymous_4)","decl":{"start":{"line":53,"column":38},"end":{"line":53,"column":39}},"loc":{"start":{"line":54,"column":12},"end":{"line":54,"column":64}},"line":54}},"branchMap":{"0":{"loc":{"start":{"line":20,"column":4},"end":{"line":27,"column":5}},"type":"if","locations":[{"start":{"line":20,"column":4},"end":{"line":27,"column":5}},{"start":{},"end":{}}],"line":20},"1":{"loc":{"start":{"line":21,"column":6},"end":{"line":23,"column":42}},"type":"binary-expr","locations":[{"start":{"line":21,"column":6},"end":{"line":21,"column":47}},{"start":{"line":22,"column":6},"end":{"line":22,"column":44}},{"start":{"line":23,"column":6},"end":{"line":23,"column":42}}],"line":21}},"s":{"0":4,"1":4,"2":4,"3":4,"4":5,"5":5,"6":4,"7":4,"8":1,"9":1,"10":4,"11":1,"12":1,"13":1},"f":{"0":4,"1":5,"2":1,"3":1,"4":1},"b":{"0":[4,1],"1":[5,1,1]},"_coverageSchema":"1a1c01bbd47fc00a2c39e90264f33305004495a9","hash":"1b3e091d5c87e4b713cd65061e6ebca76431cf41"}
,"C:\\Users\\micha\\Desktop\\rdstation\\monorepo\\frontend\\src\\components\\Form\\index.js": {"path":"C:\\Users\\micha\\Desktop\\rdstation\\monorepo\\frontend\\src\\components\\Form\\index.js","statementMap":{},"fnMap":{},"branchMap":{},"s":{},"f":{},"b":{}}
,"C:\\Users\\micha\\Desktop\\rdstation\\monorepo\\frontend\\src\\components\\Form\\Fields\\Features.js": {"path":"C:\\Users\\micha\\Desktop\\rdstation\\monorepo\\frontend\\src\\components\\Form\\Fields\\Features.js","statementMap":{"0":{"start":{"line":5,"column":48},"end":{"line":5,"column":74}},"1":{"start":{"line":7,"column":30},"end":{"line":14,"column":3}},"2":{"start":{"line":8,"column":28},"end":{"line":10,"column":37}},"3":{"start":{"line":9,"column":41},"end":{"line":9,"column":57}},"4":{"start":{"line":12,"column":4},"end":{"line":12,"column":40}},"5":{"start":{"line":13,"column":4},"end":{"line":13,"column":37}},"6":{"start":{"line":16,"column":2},"end":{"line":34,"column":4}},"7":{"start":{"line":21,"column":10},"end":{"line":30,"column":15}},"8":{"start":{"line":25,"column":30},"end":{"line":25,"column":58}}},"fnMap":{"0":{"name":"Features","decl":{"start":{"line":4,"column":9},"end":{"line":4,"column":17}},"loc":{"start":{"line":4,"column":72},"end":{"line":35,"column":1}},"line":4},"1":{"name":"(anonymous_1)","decl":{"start":{"line":7,"column":30},"end":{"line":7,"column":31}},"loc":{"start":{"line":7,"column":43},"end":{"line":14,"column":3}},"line":7},"2":{"name":"(anonymous_2)","decl":{"start":{"line":9,"column":31},"end":{"line":9,"column":32}},"loc":{"start":{"line":9,"column":41},"end":{"line":9,"column":57}},"line":9},"3":{"name":"(anonymous_3)","decl":{"start":{"line":20,"column":22},"end":{"line":20,"column":23}},"loc":{"start":{"line":21,"column":10},"end":{"line":30,"column":15}},"line":21},"4":{"name":"(anonymous_4)","decl":{"start":{"line":25,"column":24},"end":{"line":25,"column":25}},"loc":{"start":{"line":25,"column":30},"end":{"line":25,"column":58}},"line":25}},"branchMap":{"0":{"loc":{"start":{"line":4,"column":30},"end":{"line":4,"column":51}},"type":"default-arg","locations":[{"start":{"line":4,"column":49},"end":{"line":4,"column":51}}],"line":4},"1":{"loc":{"start":{"line":8,"column":28},"end":{"line":10,"column":37}},"type":"cond-expr","locations":[{"start":{"line":9,"column":8},"end":{"line":9,"column":58}},{"start":{"line":10,"column":8},"end":{"line":10,"column":37}}],"line":8}},"s":{"0":5,"1":5,"2":2,"3":1,"4":2,"5":2,"6":5,"7":15,"8":2},"f":{"0":5,"1":2,"2":1,"3":15,"4":2},"b":{"0":[4],"1":[1,1]},"_coverageSchema":"1a1c01bbd47fc00a2c39e90264f33305004495a9","hash":"9742986ed7920fedca4f29c0a92d368d08fc9f66"}
,"C:\\Users\\micha\\Desktop\\rdstation\\monorepo\\frontend\\src\\components\\Form\\Fields\\Preferences.js": {"path":"C:\\Users\\micha\\Desktop\\rdstation\\monorepo\\frontend\\src\\components\\Form\\Fields\\Preferences.js","statementMap":{"0":{"start":{"line":11,"column":54},"end":{"line":11,"column":83}},"1":{"start":{"line":13,"column":33},"end":{"line":20,"column":3}},"2":{"start":{"line":14,"column":31},"end":{"line":16,"column":43}},"3":{"start":{"line":15,"column":44},"end":{"line":15,"column":63}},"4":{"start":{"line":18,"column":4},"end":{"line":18,"column":46}},"5":{"start":{"line":19,"column":4},"end":{"line":19,"column":43}},"6":{"start":{"line":22,"column":2},"end":{"line":40,"column":4}},"7":{"start":{"line":27,"column":10},"end":{"line":36,"column":15}},"8":{"start":{"line":31,"column":30},"end":{"line":31,"column":64}}},"fnMap":{"0":{"name":"Preferences","decl":{"start":{"line":6,"column":9},"end":{"line":6,"column":20}},"loc":{"start":{"line":10,"column":3},"end":{"line":41,"column":1}},"line":10},"1":{"name":"(anonymous_1)","decl":{"start":{"line":13,"column":33},"end":{"line":13,"column":34}},"loc":{"start":{"line":13,"column":49},"end":{"line":20,"column":3}},"line":13},"2":{"name":"(anonymous_2)","decl":{"start":{"line":15,"column":34},"end":{"line":15,"column":35}},"loc":{"start":{"line":15,"column":44},"end":{"line":15,"column":63}},"line":15},"3":{"name":"(anonymous_3)","decl":{"start":{"line":26,"column":25},"end":{"line":26,"column":26}},"loc":{"start":{"line":27,"column":10},"end":{"line":36,"column":15}},"line":27},"4":{"name":"(anonymous_4)","decl":{"start":{"line":31,"column":24},"end":{"line":31,"column":25}},"loc":{"start":{"line":31,"column":30},"end":{"line":31,"column":64}},"line":31}},"branchMap":{"0":{"loc":{"start":{"line":8,"column":2},"end":{"line":8,"column":26}},"type":"default-arg","locations":[{"start":{"line":8,"column":24},"end":{"line":8,"column":26}}],"line":8},"1":{"loc":{"start":{"line":14,"column":31},"end":{"line":16,"column":43}},"type":"cond-expr","locations":[{"start":{"line":15,"column":8},"end":{"line":15,"column":64}},{"start":{"line":16,"column":8},"end":{"line":16,"column":43}}],"line":14}},"s":{"0":5,"1":5,"2":2,"3":1,"4":2,"5":2,"6":5,"7":15,"8":2},"f":{"0":5,"1":2,"2":1,"3":15,"4":2},"b":{"0":[4],"1":[1,1]},"_coverageSchema":"1a1c01bbd47fc00a2c39e90264f33305004495a9","hash":"c59d1f820e42752fe429170e8cc39e5f41bb0ecd"}
,"C:\\Users\\micha\\Desktop\\rdstation\\monorepo\\frontend\\src\\components\\Form\\Fields\\RecommendationType.js": {"path":"C:\\Users\\micha\\Desktop\\rdstation\\monorepo\\frontend\\src\\components\\Form\\Fields\\RecommendationType.js","statementMap":{"0":{"start":{"line":5,"column":2},"end":{"line":29,"column":4}},"1":{"start":{"line":14,"column":26},"end":{"line":14,"column":69}},"2":{"start":{"line":23,"column":26},"end":{"line":23,"column":72}}},"fnMap":{"0":{"name":"RecommendationType","decl":{"start":{"line":4,"column":9},"end":{"line":4,"column":27}},"loc":{"start":{"line":4,"column":60},"end":{"line":30,"column":1}},"line":4},"1":{"name":"(anonymous_1)","decl":{"start":{"line":14,"column":20},"end":{"line":14,"column":21}},"loc":{"start":{"line":14,"column":26},"end":{"line":14,"column":69}},"line":14},"2":{"name":"(anonymous_2)","decl":{"start":{"line":23,"column":20},"end":{"line":23,"column":21}},"loc":{"start":{"line":23,"column":26},"end":{"line":23,"column":72}},"line":23}},"branchMap":{},"s":{"0":3,"1":1,"2":1},"f":{"0":3,"1":1,"2":1},"b":{},"_coverageSchema":"1a1c01bbd47fc00a2c39e90264f33305004495a9","hash":"ba5d5ed0a7d1d69d2985d601ab8f9aac7aadfef9"}
,"C:\\Users\\micha\\Desktop\\rdstation\\monorepo\\frontend\\src\\components\\Form\\Fields\\index.js": {"path":"C:\\Users\\micha\\Desktop\\rdstation\\monorepo\\frontend\\src\\components\\Form\\Fields\\index.js","statementMap":{},"fnMap":{},"branchMap":{},"s":{},"f":{},"b":{}}
,"C:\\Users\\micha\\Desktop\\rdstation\\monorepo\\frontend\\src\\components\\Form\\SubmitButton\\SubmitButton.js": {"path":"C:\\Users\\micha\\Desktop\\rdstation\\monorepo\\frontend\\src\\components\\Form\\SubmitButton\\SubmitButton.js","statementMap":{"0":{"start":{"line":4,"column":2},"end":{"line":4,"column":128}}},"fnMap":{"0":{"name":"SubmitButton","decl":{"start":{"line":3,"column":9},"end":{"line":3,"column":21}},"loc":{"start":{"line":3,"column":32},"end":{"line":5,"column":1}},"line":3}},"branchMap":{},"s":{"0":1},"f":{"0":1},"b":{},"_coverageSchema":"1a1c01bbd47fc00a2c39e90264f33305004495a9","hash":"d4549625de2be7e77110214f575110b88c609de6"}
,"C:\\Users\\micha\\Desktop\\rdstation\\monorepo\\frontend\\src\\components\\Form\\SubmitButton\\index.js": {"path":"C:\\Users\\micha\\Desktop\\rdstation\\monorepo\\frontend\\src\\components\\Form\\SubmitButton\\index.js","statementMap":{},"fnMap":{},"branchMap":{},"s":{},"f":{},"b":{}}
,"C:\\Users\\micha\\Desktop\\rdstation\\monorepo\\frontend\\src\\components\\RecommendationList\\RecommendationList.js": {"path":"C:\\Users\\micha\\Desktop\\rdstation\\monorepo\\frontend\\src\\components\\RecommendationList\\RecommendationList.js","statementMap":{"0":{"start":{"line":4,"column":2},"end":{"line":18,"column":4}},"1":{"start":{"line":12,"column":10},"end":{"line":14,"column":15}}},"fnMap":{"0":{"name":"RecommendationList","decl":{"start":{"line":3,"column":9},"end":{"line":3,"column":27}},"loc":{"start":{"line":3,"column":49},"end":{"line":19,"column":1}},"line":3},"1":{"name":"(anonymous_1)","decl":{"start":{"line":11,"column":29},"end":{"line":11,"column":30}},"loc":{"start":{"line":12,"column":10},"end":{"line":14,"column":15}},"line":12}},"branchMap":{"0":{"loc":{"start":{"line":8,"column":7},"end":{"line":8,"column":78}},"type":"binary-expr","locations":[{"start":{"line":8,"column":7},"end":{"line":8,"column":35}},{"start":{"line":8,"column":39},"end":{"line":8,"column":78}}],"line":8}},"s":{"0":3,"1":3},"f":{"0":3,"1":3},"b":{"0":[3,2]},"_coverageSchema":"1a1c01bbd47fc00a2c39e90264f33305004495a9","hash":"41c2c1d569f7730d4c4b6bc2e20190e6181dc681"}
,"C:\\Users\\micha\\Desktop\\rdstation\\monorepo\\frontend\\src\\components\\shared\\Checkbox.js": {"path":"C:\\Users\\micha\\Desktop\\rdstation\\monorepo\\frontend\\src\\components\\shared\\Checkbox.js","statementMap":{"0":{"start":{"line":4,"column":2},"end":{"line":9,"column":4}}},"fnMap":{"0":{"name":"Checkbox","decl":{"start":{"line":3,"column":9},"end":{"line":3,"column":17}},"loc":{"start":{"line":3,"column":42},"end":{"line":10,"column":1}},"line":3}},"branchMap":{},"s":{"0":36},"f":{"0":36},"b":{},"_coverageSchema":"1a1c01bbd47fc00a2c39e90264f33305004495a9","hash":"fb4fba1226acbb478820de98da7bc313ad307327"}
,"C:\\Users\\micha\\Desktop\\rdstation\\monorepo\\frontend\\src\\hooks\\useForm.js": {"path":"C:\\Users\\micha\\Desktop\\rdstation\\monorepo\\frontend\\src\\hooks\\useForm.js","statementMap":{"0":{"start":{"line":3,"column":16},"end":{"line":11,"column":1}},"1":{"start":{"line":4,"column":34},"end":{"line":4,"column":56}},"2":{"start":{"line":6,"column":23},"end":{"line":8,"column":3}},"3":{"start":{"line":7,"column":4},"end":{"line":7,"column":49}},"4":{"start":{"line":10,"column":2},"end":{"line":10,"column":36}}},"fnMap":{"0":{"name":"(anonymous_0)","decl":{"start":{"line":3,"column":16},"end":{"line":3,"column":17}},"loc":{"start":{"line":3,"column":34},"end":{"line":11,"column":1}},"line":3},"1":{"name":"(anonymous_1)","decl":{"start":{"line":6,"column":23},"end":{"line":6,"column":24}},"loc":{"start":{"line":6,"column":41},"end":{"line":8,"column":3}},"line":6}},"branchMap":{},"s":{"0":2,"1":3,"2":3,"3":1,"4":3},"f":{"0":3,"1":1},"b":{},"_coverageSchema":"1a1c01bbd47fc00a2c39e90264f33305004495a9","hash":"9d09792b5ccfe3957283d906af7dfe61a28446dd"}
,"C:\\Users\\micha\\Desktop\\rdstation\\monorepo\\frontend\\src\\hooks\\useProducts.js": {"path":"C:\\Users\\micha\\Desktop\\rdstation\\monorepo\\frontend\\src\\hooks\\useProducts.js","statementMap":{"0":{"start":{"line":4,"column":20},"end":{"line":41,"column":1}},"1":{"start":{"line":5,"column":40},"end":{"line":5,"column":52}},"2":{"start":{"line":6,"column":34},"end":{"line":6,"column":46}},"3":{"start":{"line":7,"column":34},"end":{"line":7,"column":46}},"4":{"start":{"line":9,"column":2},"end":{"line":38,"column":9}},"5":{"start":{"line":10,"column":22},"end":{"line":35,"column":5}},"6":{"start":{"line":11,"column":6},"end":{"line":34,"column":7}},"7":{"start":{"line":12,"column":25},"end":{"line":12,"column":44}},"8":{"start":{"line":13,"column":31},"end":{"line":13,"column":33}},"9":{"start":{"line":14,"column":28},"end":{"line":14,"column":30}},"10":{"start":{"line":16,"column":8},"end":{"line":16,"column":30}},"11":{"start":{"line":18,"column":8},"end":{"line":28,"column":11}},"12":{"start":{"line":19,"column":37},"end":{"line":21,"column":24}},"13":{"start":{"line":20,"column":24},"end":{"line":20,"column":43}},"14":{"start":{"line":22,"column":10},"end":{"line":22,"column":53}},"15":{"start":{"line":24,"column":34},"end":{"line":26,"column":24}},"16":{"start":{"line":25,"column":24},"end":{"line":25,"column":43}},"17":{"start":{"line":27,"column":10},"end":{"line":27,"column":47}},"18":{"start":{"line":30,"column":8},"end":{"line":30,"column":39}},"19":{"start":{"line":31,"column":8},"end":{"line":31,"column":33}},"20":{"start":{"line":33,"column":8},"end":{"line":33,"column":59}},"21":{"start":{"line":37,"column":4},"end":{"line":37,"column":16}},"22":{"start":{"line":40,"column":2},"end":{"line":40,"column":45}}},"fnMap":{"0":{"name":"(anonymous_0)","decl":{"start":{"line":4,"column":20},"end":{"line":4,"column":21}},"loc":{"start":{"line":4,"column":26},"end":{"line":41,"column":1}},"line":4},"1":{"name":"(anonymous_1)","decl":{"start":{"line":9,"column":12},"end":{"line":9,"column":13}},"loc":{"start":{"line":9,"column":18},"end":{"line":38,"column":3}},"line":9},"2":{"name":"(anonymous_2)","decl":{"start":{"line":10,"column":22},"end":{"line":10,"column":23}},"loc":{"start":{"line":10,"column":34},"end":{"line":35,"column":5}},"line":10},"3":{"name":"(anonymous_3)","decl":{"start":{"line":18,"column":25},"end":{"line":18,"column":26}},"loc":{"start":{"line":18,"column":38},"end":{"line":28,"column":9}},"line":18},"4":{"name":"(anonymous_4)","decl":{"start":{"line":20,"column":18},"end":{"line":20,"column":19}},"loc":{"start":{"line":20,"column":24},"end":{"line":20,"column":43}},"line":20},"5":{"name":"(anonymous_5)","decl":{"start":{"line":25,"column":18},"end":{"line":25,"column":19}},"loc":{"start":{"line":25,"column":24},"end":{"line":25,"column":43}},"line":25}},"branchMap":{},"s":{"0":2,"1":3,"2":3,"3":3,"4":3,"5":2,"6":2,"7":2,"8":1,"9":1,"10":1,"11":1,"12":2,"13":3,"14":2,"15":2,"16":4,"17":2,"18":1,"19":1,"20":1,"21":2,"22":3},"f":{"0":3,"1":2,"2":2,"3":2,"4":3,"5":4},"b":{},"_coverageSchema":"1a1c01bbd47fc00a2c39e90264f33305004495a9","hash":"14dc6618e557a67afc27bd33db11cb734a20bbb6"}
,"C:\\Users\\micha\\Desktop\\rdstation\\monorepo\\frontend\\src\\hooks\\useRecommendations.js": {"path":"C:\\Users\\micha\\Desktop\\rdstation\\monorepo\\frontend\\src\\hooks\\useRecommendations.js","statementMap":{"0":{"start":{"line":4,"column":29},"end":{"line":6,"column":3}},"1":{"start":{"line":5,"column":4},"end":{"line":5,"column":72}},"2":{"start":{"line":8,"column":2},"end":{"line":8,"column":32}}},"fnMap":{"0":{"name":"useRecommendations","decl":{"start":{"line":3,"column":9},"end":{"line":3,"column":27}},"loc":{"start":{"line":3,"column":38},"end":{"line":9,"column":1}},"line":3},"1":{"name":"(anonymous_1)","decl":{"start":{"line":4,"column":29},"end":{"line":4,"column":30}},"loc":{"start":{"line":4,"column":43},"end":{"line":6,"column":3}},"line":4}},"branchMap":{},"s":{"0":1,"1":1,"2":1},"f":{"0":1,"1":1},"b":{},"_coverageSchema":"1a1c01bbd47fc00a2c39e90264f33305004495a9","hash":"8b2037443aa4b1ac2cece92b504728a2eeb20ce9"}
,"C:\\Users\\micha\\Desktop\\rdstation\\monorepo\\frontend\\src\\mocks\\mockProducts.js": {"path":"C:\\Users\\micha\\Desktop\\rdstation\\monorepo\\frontend\\src\\mocks\\mockProducts.js","statementMap":{"0":{"start":{"line":1,"column":21},"end":{"line":62,"column":1}}},"fnMap":{},"branchMap":{},"s":{"0":1},"f":{},"b":{},"_coverageSchema":"1a1c01bbd47fc00a2c39e90264f33305004495a9","hash":"69f1aa66bff59b3bc13311377f37439c553845de"}
,"C:\\Users\\micha\\Desktop\\rdstation\\monorepo\\frontend\\src\\services\\product.service.js": {"path":"C:\\Users\\micha\\Desktop\\rdstation\\monorepo\\frontend\\src\\services\\product.service.js","statementMap":{"0":{"start":{"line":3,"column":16},"end":{"line":3,"column":39}},"1":{"start":{"line":5,"column":20},"end":{"line":13,"column":1}},"2":{"start":{"line":6,"column":2},"end":{"line":12,"column":3}},"3":{"start":{"line":7,"column":21},"end":{"line":7,"column":59}},"4":{"start":{"line":8,"column":4},"end":{"line":8,"column":25}},"5":{"start":{"line":10,"column":4},"end":{"line":10,"column":55}},"6":{"start":{"line":11,"column":4},"end":{"line":11,"column":16}}},"fnMap":{"0":{"name":"(anonymous_0)","decl":{"start":{"line":5,"column":20},"end":{"line":5,"column":21}},"loc":{"start":{"line":5,"column":32},"end":{"line":13,"column":1}},"line":5}},"branchMap":{},"s":{"0":0,"1":0,"2":0,"3":0,"4":0,"5":0,"6":0},"f":{"0":0},"b":{}}
,"C:\\Users\\micha\\Desktop\\rdstation\\monorepo\\frontend\\src\\services\\recommendation.service.js": {"path":"C:\\Users\\micha\\Desktop\\rdstation\\monorepo\\frontend\\src\\services\\recommendation.service.js","statementMap":{"0":{"start":{"line":1,"column":30},"end":{"line":41,"column":1}},"1":{"start":{"line":6,"column":82},"end":{"line":6,"column":90}},"2":{"start":{"line":8,"column":27},"end":{"line":20,"column":6}},"3":{"start":{"line":9,"column":32},"end":{"line":11,"column":14}},"4":{"start":{"line":10,"column":8},"end":{"line":10,"column":39}},"5":{"start":{"line":13,"column":29},"end":{"line":15,"column":14}},"6":{"start":{"line":14,"column":8},"end":{"line":14,"column":36}},"7":{"start":{"line":17,"column":20},"end":{"line":17,"column":54}},"8":{"start":{"line":19,"column":6},"end":{"line":19,"column":57}},"9":{"start":{"line":22,"column":4},"end":{"line":35,"column":5}},"10":{"start":{"line":23,"column":28},"end":{"line":23,"column":67}},"11":{"start":{"line":23,"column":55},"end":{"line":23,"column":66}},"12":{"start":{"line":24,"column":6},"end":{"line":24,"column":48}},"13":{"start":{"line":24,"column":38},"end":{"line":24,"column":48}},"14":{"start":{"line":26,"column":23},"end":{"line":26,"column":67}},"15":{"start":{"line":26,"column":58},"end":{"line":26,"column":65}},"16":{"start":{"line":28,"column":26},"end":{"line":28,"column":73}},"17":{"start":{"line":28,"column":52},"end":{"line":28,"column":72}},"18":{"start":{"line":30,"column":26},"end":{"line":32,"column":23}},"19":{"start":{"line":31,"column":8},"end":{"line":31,"column":67}},"20":{"start":{"line":34,"column":6},"end":{"line":34,"column":27}},"21":{"start":{"line":37,"column":4},"end":{"line":39,"column":41}},"22":{"start":{"line":38,"column":19},"end":{"line":38,"column":30}},"23":{"start":{"line":39,"column":22},"end":{"line":39,"column":39}}},"fnMap":{"0":{"name":"(anonymous_0)","decl":{"start":{"line":2,"column":22},"end":{"line":2,"column":23}},"loc":{"start":{"line":5,"column":7},"end":{"line":40,"column":3}},"line":5},"1":{"name":"(anonymous_1)","decl":{"start":{"line":8,"column":40},"end":{"line":8,"column":41}},"loc":{"start":{"line":8,"column":60},"end":{"line":20,"column":5}},"line":8},"2":{"name":"(anonymous_2)","decl":{"start":{"line":9,"column":59},"end":{"line":9,"column":60}},"loc":{"start":{"line":10,"column":8},"end":{"line":10,"column":39}},"line":10},"3":{"name":"(anonymous_3)","decl":{"start":{"line":13,"column":53},"end":{"line":13,"column":54}},"loc":{"start":{"line":14,"column":8},"end":{"line":14,"column":36}},"line":14},"4":{"name":"(anonymous_4)","decl":{"start":{"line":23,"column":50},"end":{"line":23,"column":51}},"loc":{"start":{"line":23,"column":55},"end":{"line":23,"column":66}},"line":23},"5":{"name":"(anonymous_5)","decl":{"start":{"line":26,"column":53},"end":{"line":26,"column":54}},"loc":{"start":{"line":26,"column":58},"end":{"line":26,"column":65}},"line":26},"6":{"name":"(anonymous_6)","decl":{"start":{"line":28,"column":47},"end":{"line":28,"column":48}},"loc":{"start":{"line":28,"column":52},"end":{"line":28,"column":72}},"line":28},"7":{"name":"(anonymous_7)","decl":{"start":{"line":30,"column":45},"end":{"line":30,"column":46}},"loc":{"start":{"line":31,"column":8},"end":{"line":31,"column":67}},"line":31},"8":{"name":"(anonymous_8)","decl":{"start":{"line":38,"column":14},"end":{"line":38,"column":15}},"loc":{"start":{"line":38,"column":19},"end":{"line":38,"column":30}},"line":38},"9":{"name":"(anonymous_9)","decl":{"start":{"line":39,"column":12},"end":{"line":39,"column":13}},"loc":{"start":{"line":39,"column":22},"end":{"line":39,"column":39}},"line":39}},"branchMap":{"0":{"loc":{"start":{"line":3,"column":4},"end":{"line":3,"column":96}},"type":"default-arg","locations":[{"start":{"line":3,"column":15},"end":{"line":3,"column":96}}],"line":3},"1":{"loc":{"start":{"line":22,"column":4},"end":{"line":35,"column":5}},"type":"if","locations":[{"start":{"line":22,"column":4},"end":{"line":35,"column":5}},{"start":{},"end":{}}],"line":22},"2":{"loc":{"start":{"line":24,"column":6},"end":{"line":24,"column":48}},"type":"if","locations":[{"start":{"line":24,"column":6},"end":{"line":24,"column":48}},{"start":{},"end":{}}],"line":24},"3":{"loc":{"start":{"line":31,"column":8},"end":{"line":31,"column":67}},"type":"cond-expr","locations":[{"start":{"line":31,"column":53},"end":{"line":31,"column":60}},{"start":{"line":31,"column":63},"end":{"line":31,"column":67}}],"line":31}},"s":{"0":3,"1":4,"2":4,"3":16,"4":48,"5":16,"6":48,"7":16,"8":16,"9":4,"10":3,"11":12,"12":3,"13":0,"14":3,"15":5,"16":3,"17":5,"18":3,"19":5,"20":3,"21":1,"22":4,"23":1},"f":{"0":4,"1":16,"2":48,"3":48,"4":12,"5":5,"6":5,"7":5,"8":4,"9":1},"b":{"0":[0],"1":[3,1],"2":[0,3],"3":[2,3]},"_coverageSchema":"1a1c01bbd47fc00a2c39e90264f33305004495a9","hash":"10a552c7a6e557536765b6fb6413b7d5d451b3b3"}
}
