TN:
SF:src\App.js
FN:5,App
FNF:1
FNH:0
FNDA:0,App
DA:6,0
DA:8,0
LF:2
LH:0
BRF:0
BRH:0
end_of_record
TN:
SF:src\index.js
FNF:0
FNH:0
DA:8,0
DA:9,0
DA:15,0
LF:3
LH:0
BRF:0
BRH:0
end_of_record
TN:
SF:src\components\Form\Form.js
FN:7,Form
FN:17,(anonymous_1)
FN:42,(anonymous_2)
FN:48,(anonymous_3)
FN:53,(anonymous_4)
FNF:5
FNH:5
FNDA:4,Form
FNDA:5,(anonymous_1)
FNDA:1,(anonymous_2)
FNDA:1,(anonymous_3)
FNDA:1,(anonymous_4)
DA:8,4
DA:9,4
DA:15,4
DA:17,4
DA:18,5
DA:20,5
DA:25,4
DA:26,4
DA:29,1
DA:31,1
DA:34,4
DA:43,1
DA:49,1
DA:54,1
LF:14
LH:14
BRDA:20,0,0,4
BRDA:20,0,1,1
BRDA:21,1,0,5
BRDA:21,1,1,1
BRDA:21,1,2,1
BRF:5
BRH:5
end_of_record
TN:
SF:src\components\Form\index.js
FNF:0
FNH:0
LF:0
LH:0
BRF:0
BRH:0
end_of_record
TN:
SF:src\components\Form\Fields\Features.js
FN:4,Features
FN:7,(anonymous_1)
FN:9,(anonymous_2)
FN:20,(anonymous_3)
FN:25,(anonymous_4)
FNF:5
FNH:5
FNDA:5,Features
FNDA:2,(anonymous_1)
FNDA:1,(anonymous_2)
FNDA:15,(anonymous_3)
FNDA:2,(anonymous_4)
DA:5,5
DA:7,5
DA:8,2
DA:9,1
DA:12,2
DA:13,2
DA:16,5
DA:21,15
DA:25,2
LF:9
LH:9
BRDA:4,0,0,4
BRDA:8,1,0,1
BRDA:8,1,1,1
BRF:3
BRH:3
end_of_record
TN:
SF:src\components\Form\Fields\Preferences.js
FN:6,Preferences
FN:13,(anonymous_1)
FN:15,(anonymous_2)
FN:26,(anonymous_3)
FN:31,(anonymous_4)
FNF:5
FNH:5
FNDA:5,Preferences
FNDA:2,(anonymous_1)
FNDA:1,(anonymous_2)
FNDA:15,(anonymous_3)
FNDA:2,(anonymous_4)
DA:11,5
DA:13,5
DA:14,2
DA:15,1
DA:18,2
DA:19,2
DA:22,5
DA:27,15
DA:31,2
LF:9
LH:9
BRDA:8,0,0,4
BRDA:14,1,0,1
BRDA:14,1,1,1
BRF:3
BRH:3
end_of_record
TN:
SF:src\components\Form\Fields\RecommendationType.js
FN:4,RecommendationType
FN:14,(anonymous_1)
FN:23,(anonymous_2)
FNF:3
FNH:3
FNDA:3,RecommendationType
FNDA:1,(anonymous_1)
FNDA:1,(anonymous_2)
DA:5,3
DA:14,1
DA:23,1
LF:3
LH:3
BRF:0
BRH:0
end_of_record
TN:
SF:src\components\Form\Fields\index.js
FNF:0
FNH:0
LF:0
LH:0
BRF:0
BRH:0
end_of_record
TN:
SF:src\components\Form\SubmitButton\SubmitButton.js
FN:3,SubmitButton
FNF:1
FNH:1
FNDA:1,SubmitButton
DA:4,1
LF:1
LH:1
BRF:0
BRH:0
end_of_record
TN:
SF:src\components\Form\SubmitButton\index.js
FNF:0
FNH:0
LF:0
LH:0
BRF:0
BRH:0
end_of_record
TN:
SF:src\components\RecommendationList\RecommendationList.js
FN:3,RecommendationList
FN:11,(anonymous_1)
FNF:2
FNH:2
FNDA:3,RecommendationList
FNDA:3,(anonymous_1)
DA:4,3
DA:12,3
LF:2
LH:2
BRDA:8,0,0,3
BRDA:8,0,1,2
BRF:2
BRH:2
end_of_record
TN:
SF:src\components\shared\Checkbox.js
FN:3,Checkbox
FNF:1
FNH:1
FNDA:36,Checkbox
DA:4,36
LF:1
LH:1
BRF:0
BRH:0
end_of_record
TN:
SF:src\hooks\useForm.js
FN:3,(anonymous_0)
FN:6,(anonymous_1)
FNF:2
FNH:2
FNDA:3,(anonymous_0)
FNDA:1,(anonymous_1)
DA:3,2
DA:4,3
DA:6,3
DA:7,1
DA:10,3
LF:5
LH:5
BRF:0
BRH:0
end_of_record
TN:
SF:src\hooks\useProducts.js
FN:4,(anonymous_0)
FN:9,(anonymous_1)
FN:10,(anonymous_2)
FN:18,(anonymous_3)
FN:20,(anonymous_4)
FN:25,(anonymous_5)
FNF:6
FNH:6
FNDA:3,(anonymous_0)
FNDA:2,(anonymous_1)
FNDA:2,(anonymous_2)
FNDA:2,(anonymous_3)
FNDA:3,(anonymous_4)
FNDA:4,(anonymous_5)
DA:4,2
DA:5,3
DA:6,3
DA:7,3
DA:9,3
DA:10,2
DA:11,2
DA:12,2
DA:13,1
DA:14,1
DA:16,1
DA:18,1
DA:19,2
DA:20,3
DA:22,2
DA:24,2
DA:25,4
DA:27,2
DA:30,1
DA:31,1
DA:33,1
DA:37,2
DA:40,3
LF:23
LH:23
BRF:0
BRH:0
end_of_record
TN:
SF:src\hooks\useRecommendations.js
FN:3,useRecommendations
FN:4,(anonymous_1)
FNF:2
FNH:2
FNDA:1,useRecommendations
FNDA:1,(anonymous_1)
DA:4,1
DA:5,1
DA:8,1
LF:3
LH:3
BRF:0
BRH:0
end_of_record
TN:
SF:src\mocks\mockProducts.js
FNF:0
FNH:0
DA:1,1
LF:1
LH:1
BRF:0
BRH:0
end_of_record
TN:
SF:src\services\product.service.js
FN:5,(anonymous_0)
FNF:1
FNH:0
FNDA:0,(anonymous_0)
DA:3,0
DA:5,0
DA:6,0
DA:7,0
DA:8,0
DA:10,0
DA:11,0
LF:7
LH:0
BRF:0
BRH:0
end_of_record
TN:
SF:src\services\recommendation.service.js
FN:2,(anonymous_0)
FN:8,(anonymous_1)
FN:9,(anonymous_2)
FN:13,(anonymous_3)
FN:23,(anonymous_4)
FN:26,(anonymous_5)
FN:28,(anonymous_6)
FN:30,(anonymous_7)
FN:38,(anonymous_8)
FN:39,(anonymous_9)
FNF:10
FNH:10
FNDA:4,(anonymous_0)
FNDA:16,(anonymous_1)
FNDA:48,(anonymous_2)
FNDA:48,(anonymous_3)
FNDA:12,(anonymous_4)
FNDA:5,(anonymous_5)
FNDA:5,(anonymous_6)
FNDA:5,(anonymous_7)
FNDA:4,(anonymous_8)
FNDA:1,(anonymous_9)
DA:1,3
DA:6,4
DA:8,4
DA:9,16
DA:10,48
DA:13,16
DA:14,48
DA:17,16
DA:19,16
DA:22,4
DA:23,12
DA:24,3
DA:26,5
DA:28,5
DA:30,3
DA:31,5
DA:34,3
DA:37,1
DA:38,4
DA:39,1
LF:20
LH:20
BRDA:3,0,0,0
BRDA:22,1,0,3
BRDA:22,1,1,1
BRDA:24,2,0,0
BRDA:24,2,1,3
BRDA:31,3,0,2
BRDA:31,3,1,3
BRF:7
BRH:5
end_of_record
